[09-Apr-2019 23:04:51 UTC] PHP Fatal error:  Uncaught Error: Class 'WP_CLI\SynopsisValidator' not found in phar:///usr/local/bin/wp/php/WP_CLI/Dispatcher/Subcommand.php:254
Stack trace:
#0 phar:///usr/local/bin/wp/php/WP_CLI/Dispatcher/Subcommand.php(386): WP_CLI\Dispatcher\Subcommand->validate_args(Array, Array, Array)
#1 phar:///usr/local/bin/wp/php/WP_CLI/Runner.php(323): WP_CLI\Dispatcher\Subcommand->invoke(Array, Array, Array)
#2 phar:///usr/local/bin/wp/php/WP_CLI/Runner.php(330): WP_CLI\Runner->run_command(Array, Array)
#3 phar:///usr/local/bin/wp/php/WP_CLI/Runner.php(985): WP_CLI\Runner->_run_command()
#4 phar:///usr/local/bin/wp/php/WP_CLI/Bootstrap/LaunchRunner.php(23): WP_CLI\Runner->start()
#5 phar:///usr/local/bin/wp/php/bootstrap.php(75): WP_CLI\Bootstrap\LaunchRunner->process(Object(WP_CLI\Bootstrap\BootstrapState))
#6 phar:///usr/local/bin/wp/php/wp-cli.php(23): WP_CLI\bootstrap()
#7 phar:///usr/local/bin/wp/php/boot-phar.php(8): include('phar:///usr/loc...')
#8 /usr/local/bin/wp(4): include('phar:///usr/loc...')
#9 {main}
  thrown in phar:///usr/local/bin/wp/php/WP_CLI/Dispatcher/Subcommand.php on line 254
[09-Apr-2019 23:04:51 UTC] PHP Fatal error:  Uncaught Error: Class 'WP_CLI\SynopsisValidator' not found in phar:///usr/local/bin/wp/php/WP_CLI/Dispatcher/Subcommand.php:254
Stack trace:
#0 phar:///usr/local/bin/wp/php/WP_CLI/Dispatcher/Subcommand.php(386): WP_CLI\Dispatcher\Subcommand->validate_args(Array, Array, Array)
#1 phar:///usr/local/bin/wp/php/WP_CLI/Runner.php(323): WP_CLI\Dispatcher\Subcommand->invoke(Array, Array, Array)
#2 phar:///usr/local/bin/wp/php/WP_CLI/Runner.php(330): WP_CLI\Runner->run_command(Array, Array)
#3 phar:///usr/local/bin/wp/php/WP_CLI/Runner.php(985): WP_CLI\Runner->_run_command()
#4 phar:///usr/local/bin/wp/php/WP_CLI/Bootstrap/LaunchRunner.php(23): WP_CLI\Runner->start()
#5 phar:///usr/local/bin/wp/php/bootstrap.php(75): WP_CLI\Bootstrap\LaunchRunner->process(Object(WP_CLI\Bootstrap\BootstrapState))
#6 phar:///usr/local/bin/wp/php/wp-cli.php(23): WP_CLI\bootstrap()
#7 phar:///usr/local/bin/wp/php/boot-phar.php(8): include('phar:///usr/loc...')
#8 /usr/local/bin/wp(4): include('phar:///usr/loc...')
#9 {main}
  thrown in phar:///usr/local/bin/wp/php/WP_CLI/Dispatcher/Subcommand.php on line 254
[10-Apr-2019 22:58:36 UTC] PHP Warning:  call_user_func_array() expects parameter 1 to be a valid callback, function 'university_files' not found or invalid function name in /app/public/wp-includes/class-wp-hook.php on line 286
[10-Apr-2019 22:58:36 UTC] PHP Stack trace:
[10-Apr-2019 22:58:36 UTC] PHP   1. {main}() /app/public/index.php:0
[10-Apr-2019 22:58:36 UTC] PHP   2. require() /app/public/index.php:17
[10-Apr-2019 22:58:36 UTC] PHP   3. require_once() /app/public/wp-blog-header.php:19
[10-Apr-2019 22:58:36 UTC] PHP   4. include() /app/public/wp-includes/template-loader.php:77
[10-Apr-2019 22:58:36 UTC] PHP   5. get_header() /app/public/wp-content/themes/fictional-university-theme/index.php:1
[10-Apr-2019 22:58:36 UTC] PHP   6. locate_template() /app/public/wp-includes/general-template.php:41
[10-Apr-2019 22:58:36 UTC] PHP   7. load_template() /app/public/wp-includes/template.php:653
[10-Apr-2019 22:58:36 UTC] PHP   8. require_once() /app/public/wp-includes/template.php:704
[10-Apr-2019 22:58:36 UTC] PHP   9. wp_head() /app/public/wp-content/themes/fictional-university-theme/header.php:4
[10-Apr-2019 22:58:36 UTC] PHP  10. do_action() /app/public/wp-includes/general-template.php:2668
[10-Apr-2019 22:58:36 UTC] PHP  11. WP_Hook->do_action() /app/public/wp-includes/plugin.php:465
[10-Apr-2019 22:58:36 UTC] PHP  12. WP_Hook->apply_filters() /app/public/wp-includes/class-wp-hook.php:310
[10-Apr-2019 22:58:36 UTC] PHP  13. wp_enqueue_scripts() /app/public/wp-includes/class-wp-hook.php:286
[10-Apr-2019 22:58:36 UTC] PHP  14. do_action() /app/public/wp-includes/script-loader.php:2463
[10-Apr-2019 22:58:36 UTC] PHP  15. WP_Hook->do_action() /app/public/wp-includes/plugin.php:465
[10-Apr-2019 22:58:36 UTC] PHP  16. WP_Hook->apply_filters() /app/public/wp-includes/class-wp-hook.php:310
[25-Apr-2019 23:29:58 UTC] PHP Fatal error:  Uncaught Error: Call to undefined function get_post_type_archiv_link() in /app/public/wp-content/themes/fictional-university-theme/front-page.php:49
Stack trace:
#0 /app/public/wp-includes/template-loader.php(77): include()
#1 /app/public/wp-blog-header.php(19): require_once('/app/public/wp-...')
#2 /app/public/index.php(17): require('/app/public/wp-...')
#3 {main}
  thrown in /app/public/wp-content/themes/fictional-university-theme/front-page.php on line 49
[25-Apr-2019 23:30:10 UTC] PHP Fatal error:  Uncaught Error: Call to undefined function get_post_type_archiv_link() in /app/public/wp-content/themes/fictional-university-theme/front-page.php:49
Stack trace:
#0 /app/public/wp-includes/template-loader.php(77): include()
#1 /app/public/wp-blog-header.php(19): require_once('/app/public/wp-...')
#2 /app/public/index.php(17): require('/app/public/wp-...')
#3 {main}
  thrown in /app/public/wp-content/themes/fictional-university-theme/front-page.php on line 49
[25-Apr-2019 23:30:13 UTC] PHP Fatal error:  Uncaught Error: Call to undefined function get_post_type_archiv_link() in /app/public/wp-content/themes/fictional-university-theme/front-page.php:49
Stack trace:
#0 /app/public/wp-includes/template-loader.php(77): include()
#1 /app/public/wp-blog-header.php(19): require_once('/app/public/wp-...')
#2 /app/public/index.php(17): require('/app/public/wp-...')
#3 {main}
  thrown in /app/public/wp-content/themes/fictional-university-theme/front-page.php on line 49
[25-Apr-2019 23:30:13 UTC] PHP Fatal error:  Uncaught Error: Call to undefined function get_post_type_archiv_link() in /app/public/wp-content/themes/fictional-university-theme/front-page.php:49
Stack trace:
#0 /app/public/wp-includes/template-loader.php(77): include()
#1 /app/public/wp-blog-header.php(19): require_once('/app/public/wp-...')
#2 /app/public/index.php(17): require('/app/public/wp-...')
#3 {main}
  thrown in /app/public/wp-content/themes/fictional-university-theme/front-page.php on line 49
[25-Apr-2019 23:30:13 UTC] PHP Fatal error:  Uncaught Error: Call to undefined function get_post_type_archiv_link() in /app/public/wp-content/themes/fictional-university-theme/front-page.php:49
Stack trace:
#0 /app/public/wp-includes/template-loader.php(77): include()
#1 /app/public/wp-blog-header.php(19): require_once('/app/public/wp-...')
#2 /app/public/index.php(17): require('/app/public/wp-...')
#3 {main}
  thrown in /app/public/wp-content/themes/fictional-university-theme/front-page.php on line 49
[25-Apr-2019 23:30:13 UTC] PHP Fatal error:  Uncaught Error: Call to undefined function get_post_type_archiv_link() in /app/public/wp-content/themes/fictional-university-theme/front-page.php:49
Stack trace:
#0 /app/public/wp-includes/template-loader.php(77): include()
#1 /app/public/wp-blog-header.php(19): require_once('/app/public/wp-...')
#2 /app/public/index.php(17): require('/app/public/wp-...')
#3 {main}
  thrown in /app/public/wp-content/themes/fictional-university-theme/front-page.php on line 49
[02-May-2019 20:54:17 UTC] PHP Fatal error:  Uncaught Error: Call to undefined function the_month() in /app/public/wp-content/themes/fictional-university-theme/front-page.php:30
Stack trace:
#0 /app/public/wp-includes/template-loader.php(77): include()
#1 /app/public/wp-blog-header.php(19): require_once('/app/public/wp-...')
#2 /app/public/index.php(17): require('/app/public/wp-...')
#3 {main}
  thrown in /app/public/wp-content/themes/fictional-university-theme/front-page.php on line 30
[02-May-2019 20:56:20 UTC] PHP Fatal error:  Uncaught Error: Call to a member function format() on null in /app/public/wp-content/themes/fictional-university-theme/front-page.php:33
Stack trace:
#0 /app/public/wp-includes/template-loader.php(77): include()
#1 /app/public/wp-blog-header.php(19): require_once('/app/public/wp-...')
#2 /app/public/index.php(17): require('/app/public/wp-...')
#3 {main}
  thrown in /app/public/wp-content/themes/fictional-university-theme/front-page.php on line 33
[02-May-2019 20:57:01 UTC] PHP Fatal error:  Uncaught Exception: DateTime::__construct(): Failed to parse time string (20/07/2019) at position 0 (2): Unexpected character in /app/public/wp-content/themes/fictional-university-theme/front-page.php:32
Stack trace:
#0 /app/public/wp-content/themes/fictional-university-theme/front-page.php(32): DateTime->__construct('20/07/2019')
#1 /app/public/wp-includes/template-loader.php(77): include('/app/public/wp-...')
#2 /app/public/wp-blog-header.php(19): require_once('/app/public/wp-...')
#3 /app/public/index.php(17): require('/app/public/wp-...')
#4 {main}
  thrown in /app/public/wp-content/themes/fictional-university-theme/front-page.php on line 32
