[09-Apr-2019 23:04:39] NOTICE: fpm is running, pid 527
[09-Apr-2019 23:04:39] NOTICE: ready to handle connections
[10-Apr-2019 21:05:30] NOTICE: fpm is running, pid 311
[10-Apr-2019 21:05:30] NOTICE: ready to handle connections
[11-Apr-2019 18:30:32] NOTICE: fpm is running, pid 184
[11-Apr-2019 18:30:32] NOTICE: ready to handle connections
[16-Apr-2019 21:10:57] NOTICE: fpm is running, pid 336
[16-Apr-2019 21:10:57] NOTICE: ready to handle connections
[24-Apr-2019 17:58:41] NOTICE: fpm is running, pid 294
[24-Apr-2019 17:58:41] NOTICE: ready to handle connections
[25-Apr-2019 17:52:27] NOTICE: fpm is running, pid 354
[25-Apr-2019 17:52:27] NOTICE: ready to handle connections
[25-Apr-2019 21:49:35] WARNING: [pool www] server reached pm.max_children setting (5), consider raising it
[25-Apr-2019 22:00:14] NOTICE: fpm is running, pid 217
[25-Apr-2019 22:00:14] NOTICE: ready to handle connections
[01-May-2019 17:26:09] NOTICE: fpm is running, pid 329
[01-May-2019 17:26:09] NOTICE: ready to handle connections
[02-May-2019 20:36:10] NOTICE: fpm is running, pid 333
[02-May-2019 20:36:10] NOTICE: ready to handle connections
[03-May-2019 22:48:52] NOTICE: fpm is running, pid 200
[03-May-2019 22:48:52] NOTICE: ready to handle connections
[06-May-2019 16:20:25] NOTICE: fpm is running, pid 208
[06-May-2019 16:20:25] NOTICE: ready to handle connections
