
190409 23:04:39 [Warning] Using unique option prefix myisam-recover instead of myisam-recover-options is deprecated and will be removed in a future release. Please use the full name instead.
190409 23:04:39 [Note] Plugin 'FEDERATED' is disabled.
190409 23:04:39 InnoDB: The InnoDB memory heap is disabled
190409 23:04:39 InnoDB: Mutexes and rw_locks use GCC atomic builtins
190409 23:04:39 InnoDB: Compressed tables use zlib 1.2.8
190409 23:04:39 InnoDB: Using Linux native AIO
190409 23:04:39 InnoDB: Initializing buffer pool, size = 32.0M
190409 23:04:39 InnoDB: Completed initialization of buffer pool
190409 23:04:39 InnoDB: highest supported file format is Barracuda.
InnoDB: The log sequence number in ibdata files does not match
InnoDB: the log sequence number in the ib_logfiles!
190409 23:04:39  InnoDB: Database was not shut down normally!
InnoDB: Starting crash recovery.
InnoDB: Reading tablespace information from the .ibd files...
InnoDB: Restoring possible half-written data pages from the doublewrite
InnoDB: buffer...
190409 23:04:40  InnoDB: Waiting for the background threads to start
190409 23:04:41 InnoDB: 5.5.60 started; log sequence number 1595916
190409 23:04:41 [Note] Server hostname (bind-address): '0.0.0.0'; port: 3306
190409 23:04:41 [Note]   - '0.0.0.0' resolves to '0.0.0.0';
190409 23:04:41 [Note] Server socket created on IP: '0.0.0.0'.
190409 23:04:41 [ERROR] /usr/sbin/mysqld: Table './mysql/user' is marked as crashed and should be repaired
190409 23:04:41 [Warning] Checking table:   './mysql/user'
190409 23:04:41 [ERROR] 1 client is using or hasn't closed the table properly
190409 23:04:41 [Note] Event Scheduler: Loaded 0 events
190409 23:04:41 [Note] /usr/sbin/mysqld: ready for connections.
Version: '5.5.60-0+deb8u1'  socket: '/var/run/mysqld/mysqld.sock'  port: 3306  (Debian)
190410 21:05:31 [Warning] Using unique option prefix myisam-recover instead of myisam-recover-options is deprecated and will be removed in a future release. Please use the full name instead.
190410 21:05:31 [Note] Plugin 'FEDERATED' is disabled.
190410 21:05:31 InnoDB: The InnoDB memory heap is disabled
190410 21:05:31 InnoDB: Mutexes and rw_locks use GCC atomic builtins
190410 21:05:31 InnoDB: Compressed tables use zlib 1.2.8
190410 21:05:31 InnoDB: Using Linux native AIO
190410 21:05:31 InnoDB: Initializing buffer pool, size = 32.0M
190410 21:05:31 InnoDB: Completed initialization of buffer pool
190410 21:05:31 InnoDB: highest supported file format is Barracuda.
InnoDB: The log sequence number in ibdata files does not match
InnoDB: the log sequence number in the ib_logfiles!
190410 21:05:31  InnoDB: Database was not shut down normally!
InnoDB: Starting crash recovery.
InnoDB: Reading tablespace information from the .ibd files...
InnoDB: Restoring possible half-written data pages from the doublewrite
InnoDB: buffer...
190410 21:05:31  InnoDB: Waiting for the background threads to start
190410 21:05:32 InnoDB: 5.5.60 started; log sequence number 2907865
190410 21:05:32 [Note] Server hostname (bind-address): '0.0.0.0'; port: 3306
190410 21:05:32 [Note]   - '0.0.0.0' resolves to '0.0.0.0';
190410 21:05:32 [Note] Server socket created on IP: '0.0.0.0'.
190410 21:05:32 [ERROR] /usr/sbin/mysqld: Table './mysql/user' is marked as crashed and should be repaired
190410 21:05:32 [Warning] Checking table:   './mysql/user'
190410 21:05:32 [ERROR] 1 client is using or hasn't closed the table properly
190410 21:05:32 [Note] Event Scheduler: Loaded 0 events
190410 21:05:32 [Note] /usr/sbin/mysqld: ready for connections.
Version: '5.5.60-0+deb8u1'  socket: '/var/run/mysqld/mysqld.sock'  port: 3306  (Debian)
190411 18:30:33 [Warning] Using unique option prefix myisam-recover instead of myisam-recover-options is deprecated and will be removed in a future release. Please use the full name instead.
190411 18:30:33 [Note] Plugin 'FEDERATED' is disabled.
190411 18:30:33 InnoDB: The InnoDB memory heap is disabled
190411 18:30:33 InnoDB: Mutexes and rw_locks use GCC atomic builtins
190411 18:30:33 InnoDB: Compressed tables use zlib 1.2.8
190411 18:30:33 InnoDB: Using Linux native AIO
190411 18:30:33 InnoDB: Initializing buffer pool, size = 32.0M
190411 18:30:33 InnoDB: Completed initialization of buffer pool
190411 18:30:33 InnoDB: highest supported file format is Barracuda.
InnoDB: The log sequence number in ibdata files does not match
InnoDB: the log sequence number in the ib_logfiles!
190411 18:30:33  InnoDB: Database was not shut down normally!
InnoDB: Starting crash recovery.
InnoDB: Reading tablespace information from the .ibd files...
InnoDB: Restoring possible half-written data pages from the doublewrite
InnoDB: buffer...
190411 18:30:33  InnoDB: Waiting for the background threads to start
190411 18:30:34 InnoDB: 5.5.60 started; log sequence number 3650551
190411 18:30:34 [Note] Server hostname (bind-address): '0.0.0.0'; port: 3306
190411 18:30:34 [Note]   - '0.0.0.0' resolves to '0.0.0.0';
190411 18:30:34 [Note] Server socket created on IP: '0.0.0.0'.
190411 18:30:34 [Note] Event Scheduler: Loaded 0 events
190411 18:30:34 [Note] /usr/sbin/mysqld: ready for connections.
Version: '5.5.60-0+deb8u1'  socket: '/var/run/mysqld/mysqld.sock'  port: 3306  (Debian)
190416 21:10:58 [Warning] Using unique option prefix myisam-recover instead of myisam-recover-options is deprecated and will be removed in a future release. Please use the full name instead.
190416 21:10:58 [Note] Plugin 'FEDERATED' is disabled.
190416 21:10:58 InnoDB: The InnoDB memory heap is disabled
190416 21:10:58 InnoDB: Mutexes and rw_locks use GCC atomic builtins
190416 21:10:58 InnoDB: Compressed tables use zlib 1.2.8
190416 21:10:58 InnoDB: Using Linux native AIO
190416 21:10:58 InnoDB: Initializing buffer pool, size = 32.0M
190416 21:10:58 InnoDB: Completed initialization of buffer pool
190416 21:10:58 InnoDB: highest supported file format is Barracuda.
InnoDB: The log sequence number in ibdata files does not match
InnoDB: the log sequence number in the ib_logfiles!
190416 21:10:58  InnoDB: Database was not shut down normally!
InnoDB: Starting crash recovery.
InnoDB: Reading tablespace information from the .ibd files...
InnoDB: Restoring possible half-written data pages from the doublewrite
InnoDB: buffer...
190416 21:10:58  InnoDB: Waiting for the background threads to start
190416 21:10:59 InnoDB: 5.5.60 started; log sequence number 4480352
190416 21:10:59 [Note] Server hostname (bind-address): '0.0.0.0'; port: 3306
190416 21:10:59 [Note]   - '0.0.0.0' resolves to '0.0.0.0';
190416 21:10:59 [Note] Server socket created on IP: '0.0.0.0'.
190416 21:10:59 [Note] Event Scheduler: Loaded 0 events
190416 21:10:59 [Note] /usr/sbin/mysqld: ready for connections.
Version: '5.5.60-0+deb8u1'  socket: '/var/run/mysqld/mysqld.sock'  port: 3306  (Debian)
